<?xml version="1.0" encoding="UTF-8"?>
<!-- Generated by org.testng.reporters.JUnitReportReporter -->
<testsuite hostname="Rakeshs-MacBook-Pro.local" failures="0" tests="1" name="com.tests.HomePageTest" time="4.634" errors="0" timestamp="2025-08-14T18:56:33 IST" skipped="0">
  <testcase classname="com.tests.HomePageTest" name="verifyGoogleHomePageTitle" time="4.634"/>
</testsuite> <!-- com.tests.HomePageTest -->
